/*C2*/SET SCHEMA PUBLIC
DISCONNECT
/*C3*/SET SCHEMA PUBLIC
set schema PUBLIC
ALTER TABLE CONVERS ADD COLUMN user VARCHAR(255) DEFAULT 'user'
CREATE TABLE USERS (\u000d\u000a                       ID INTEGER GENERATED BY DEFAULT AS IDENTITY(START WITH 1 INCREMENT BY 1) PRIMARY KEY,\u000d\u000a                       NAME VARCHAR(100) NOT NULL,\u000d\u000a                       EMAIL VARCHAR(100) NOT NULL,\u000d\u000a                       PASSWORD VARCHAR(100) NOT NULL)
INSERT INTO USERS VALUES(1,'admin',' admin@localhost','admin')
COMMIT
INSERT INTO USERS VALUES(2,'Tom',' tom@localhost','tom')
COMMIT
DELETE FROM CONVERS WHERE PROMPT='Which lectures are there on Monday at 12' AND RESPONSE='On Monday noon we have Theoratical Computer Science ' AND USER='user'
DELETE FROM CONVERS WHERE PROMPT='Which lectures are there on Saturday at  9' AND RESPONSE='There are no lectures on Saturday ' AND USER='user'
DELETE FROM CONVERS WHERE PROMPT='Which lectures are there on Monday at 9' AND RESPONSE='We start the week with math ' AND USER='user'
DELETE FROM CONVERS WHERE PROMPT='wiki  usa' AND RESPONSE='The United States of America, commonly known as the United States or America, is a country primarily located in North America. It consists of 50 states, a federal district, five major unincorporated territories, nine Minor Outlying Islands, and 326 Indian reservations. The United States is also in free association with three Pacific Island sovereign states: the Federated States of Micronesia, the Marshall Islands, and the Republic of Palau. It is the world''s third-largest country by both land and total area. It shares land borders with Canada to its north and with Mexico to its south and has maritime borders with the Bahamas, Cuba, Russia, and other nations. With a population of over 333 million, it is the most populous country in the Americas and the third most populous in the world. The national capital of the United States is Washington, D.C. and its most populous city and principal financial center is New York City. ' AND USER='user'
DELETE FROM CONVERS WHERE PROMPT='wiki c usa' AND RESPONSE='C, or c, is the third letter in the Latin alphabet, used in the modern English alphabet, the alphabets of other western European languages and others worldwide. Its name in English is cee, plural cees. ' AND USER='user'
DELETE FROM CONVERS WHERE PROMPT='wiki _ france' AND RESPONSE='The apostrophe is a punctuation mark, and sometimes a diacritical mark, in languages that use the Latin alphabet and some other alphabets. In English, the apostrophe is used for two basic purposes:The marking of the omission of one or more letters, e.g. the contraction of "do not" to "don''t".\u000aThe marking of possessive case of nouns. ' AND USER='user'
DELETE FROM CONVERS WHERE PROMPT='wiki  usa' AND RESPONSE='The United States of America, commonly known as the United States or America, is a country primarily located in North America. It consists of 50 states, a federal district, five major unincorporated territories, nine Minor Outlying Islands, and 326 Indian reservations. The United States is also in free association with three Pacific Island sovereign states: the Federated States of Micronesia, the Marshall Islands, and the Republic of Palau. It is the world''s third-largest country by both land and total area. It shares land borders with Canada to its north and with Mexico to its south and has maritime borders with the Bahamas, Cuba, Russia, and other nations. With a population of over 333 million, it is the most populous country in the Americas and the third most populous in the world. The national capital of the United States is Washington, D.C. and its most populous city and principal financial center is New York City. ' AND USER='user'
DELETE FROM CONVERS WHERE PROMPT='wiki what is an interval partition in mathematics' AND RESPONSE='In mathematics, a partition of an interval [a, b] on the real line is a finite sequence x0, x1, x2, \u00e2\u20ac\u00a6, xn of real numbers such thata = x0 < x1 < x2 < \u00e2\u20ac\u00a6 < xn = b. ' AND USER='user'
DELETE FROM CONVERS WHERE PROMPT='wiki what is USA' AND RESPONSE='USA Today is an American daily middle-market newspaper and news broadcasting company. Founded by Al Neuharth on September 15, 1982, the newspaper operates from Gannett''s corporate headquarters in Tysons, Virginia. Its newspaper is printed at 37 sites across the United States and at five additional sites internationally. The paper''s dynamic design influenced the style of local, regional, and national newspapers worldwide through its use of concise reports, colorized images, informational graphics, and inclusion of popular culture stories, among other distinct features. ' AND USER='user'
DELETE FROM CONVERS WHERE PROMPT='wiki what is usa country' AND RESPONSE='Water Country USA is a water park in Williamsburg, Virginia, United States. It is the Mid-Atlantic''s largest water park, and it offers live entertainment, shops and restaurants, water rides, and other family attractions, all of which have a 1950s or 1960s surf theme. It is owned by SeaWorld Parks & Entertainment. The park is just a few miles away from Busch Gardens Williamsburg, with which it shares clientele. Multi-park passes are available, and a parking pass at Water Country USA is valid for same-day entry to Busch Gardens Williamsburg. ' AND USER='user'
DELETE FROM CONVERS WHERE PROMPT='wiki country united state of america' AND RESPONSE='The United States of America, commonly known as the United States or America, is a country primarily located in North America. It consists of 50 states, a federal district, five major unincorporated territories, nine Minor Outlying Islands, and 326 Indian reservations. The United States is also in free association with three Pacific Island sovereign states: the Federated States of Micronesia, the Marshall Islands, and the Republic of Palau. It is the world''s third-largest country by both land and total area. It shares land borders with Canada to its north and with Mexico to its south and has maritime borders with the Bahamas, Cuba, Russia, and other nations. With a population of over 333 million, it is the most populous country in the Americas and the third most populous in the world. The national capital of the United States is Washington, D.C. and its most populous city and principal financial center is New York City. ' AND USER='user'
DELETE FROM CONVERS WHERE PROMPT='hi, what is 2+2?' AND RESPONSE='4.0 ' AND USER='user'
DELETE FROM CONVERS WHERE PROMPT='what lectures are there on Saturday?' AND RESPONSE='I have no idea ' AND USER='user'
DELETE FROM CONVERS WHERE PROMPT='Hi, what is 2+2*4?' AND RESPONSE='I''m sorry, I don''t understand that.' AND USER='user'
DELETE FROM CONVERS WHERE PROMPT='what is 2+2*4' AND RESPONSE='I''m sorry, I don''t understand that.' AND USER='user'
DELETE FROM CONVERS WHERE PROMPT='Hi, what is 2+2*4?' AND RESPONSE='10.0 ' AND USER='user'
DELETE FROM CONVERS WHERE PROMPT='what lectures are there on saturday at 9?' AND RESPONSE='I have no idea ' AND USER='user'
DELETE FROM CONVERS WHERE PROMPT='what lectures are there on saturday?' AND RESPONSE='I have no idea ' AND USER='user'
DELETE FROM CONVERS WHERE PROMPT='what lectures are there saturday?' AND RESPONSE='I have no idea ' AND USER='user'
DELETE FROM CONVERS WHERE PROMPT='what lectures are there monday at 9?' AND RESPONSE='I have no idea ' AND USER='user'
DELETE FROM CONVERS WHERE PROMPT='how do I get to room spaceBox?' AND RESPONSE='I have no idea ' AND USER='user'
DELETE FROM CONVERS WHERE PROMPT='where is spaceBox located?' AND RESPONSE='located is in the first floor ' AND USER='user'
DELETE FROM CONVERS WHERE PROMPT='fbvieve veverhve v erv ronihijhihuhuhuhuuhuhuhuhuhuhuhuh uhuhuhhuhuhuhuhuhuhuhhu hhuhuhuhuhuhuhuhu hhuhuhuhu ' AND RESPONSE='I''m sorry, I don''t understand that.' AND USER='user'
DELETE FROM CONVERS WHERE PROMPT='uweubfewubfuewfef hfehieuwfiufruirfherif h hfioefoeirhfoirhfehrforhefie  iorehfoirehfoirehfouhfguorhfgfieh ierfhoie' AND RESPONSE='I''m sorry, I don''t understand that.' AND USER='user'
DELETE FROM CONVERS WHERE PROMPT='Mar 28, 2023 11:16:48 AM com.sun.javafx.application.PlatformImpl startupWARNING: Unsupported JavaFX configuration: classes were loaded from ''unnamed module @297e2f87''' AND RESPONSE='I''m sorry, I don''t understand that.' AND USER='user'
DELETE FROM CONVERS WHERE PROMPT='Mar 28, 2023 11:18:34 AM com.sun.javafx.application.PlatformImpl startupWARNING: Unsupported JavaFX configuration: classes were loaded from ''unnamed module @297e2f87''' AND RESPONSE='I''m sorry, I don''t understand that.' AND USER='user'
DELETE FROM CONVERS WHERE PROMPT='Mar 28, 2023 11:18:34 AM com.sun.javafx.application.PlatformImpl startupWARNING: Unsupported JavaFX configuration: classes were loaded from ''unnamed module @297e2f87''' AND RESPONSE='I''m sorry, I don''t understand that.' AND USER='user'
DELETE FROM CONVERS WHERE PROMPT='Mar 28, 2023 11:18:34 AM com.sun.javafx.application.PlatformImpl startupWARNING: Unsupported JavaFX configuration: classes were loaded from ''unnamed module @297e2f87''' AND RESPONSE='I''m sorry, I don''t understand that.' AND USER='user'
DELETE FROM CONVERS WHERE PROMPT='Mar 28, 2023 11:18:34 AM com.sun.javafx.application.PlatformImpl startupWARNING: Unsupported JavaFX configuration: classes were loaded from ''unnamed module @297e2f87''' AND RESPONSE='I''m sorry, I don''t understand that.' AND USER='user'
DELETE FROM CONVERS WHERE PROMPT='Mar 28, 2023 11:21:34 AM com.sun.javafx.application.PlatformImpl startupWARNING: Unsupported JavaFX configuration: classes were loaded from ''unnamed module @297e2f87''' AND RESPONSE='I''m sorry, I don''t understand that.' AND USER='user'
DELETE FROM CONVERS WHERE PROMPT='G' AND RESPONSE='I''m sorry, I don''t understand that.' AND USER='user'
DELETE FROM CONVERS WHERE PROMPT='t\' AND RESPONSE='I''m sorry, I don''t understand that.' AND USER='user'
DELETE FROM CONVERS WHERE PROMPT='what is the weather is brussels?' AND RESPONSE='Overcast ' AND USER='user'
DELETE FROM CONVERS WHERE PROMPT='What lectures are there on saturday?' AND RESPONSE='I have no idea ' AND USER='user'
DELETE FROM CONVERS WHERE PROMPT='what is the weather like in maastricht?' AND RESPONSE='I''m sorry, I don''t understand that.' AND USER='user'
DELETE FROM CONVERS WHERE PROMPT='what is the weather like in maastricht?' AND RESPONSE='Rain, Overcast ' AND USER='user'
DELETE FROM CONVERS WHERE PROMPT='what lectures are there on saturday at 9?' AND RESPONSE='I have no idea ' AND USER='user'
DELETE FROM CONVERS WHERE PROMPT='which lecturers are there on saturday at 9?' AND RESPONSE='I have no idea ' AND USER='user'
DELETE FROM CONVERS WHERE PROMPT='which lectures are there on saturday at 9?' AND RESPONSE='There are no lectures on Saturday ' AND USER='user'
DELETE FROM CONVERS WHERE PROMPT='what is the weather like in maastricht?' AND RESPONSE='Rain, Overcast ' AND USER='user'
DELETE FROM CONVERS WHERE PROMPT='' AND RESPONSE='I have no idea ' AND USER='user'
DELETE FROM CONVERS WHERE PROMPT='what lectures are there on saturday at 9?' AND RESPONSE='I have no idea ' AND USER='user'
DELETE FROM CONVERS WHERE PROMPT='which lectures are there on saturday at 9?' AND RESPONSE='There are no lectures on Saturday ' AND USER='user'
DELETE FROM CONVERS WHERE PROMPT='what is the weather like in Maastricht?' AND RESPONSE='Rain, Overcast ' AND USER='user'
DELETE FROM CONVERS WHERE PROMPT='wiki Template Skills' AND RESPONSE='A skill is the learned ability to act with determined results with good execution often within a given amount of time, energy, or both. Skills can often be divided into domain-general and domain-specific skills. For example, in the domain of work, some general skills would include time management, teamwork and leadership, self-motivation and others, whereas domain-specific skills would be used only for a certain job. Skill usually requires certain environmental stimuli and situations to assess the level of skill being shown and used. ' AND USER='user'
DELETE FROM CONVERS WHERE PROMPT='t' AND RESPONSE='I''m sorry, I don''t understand that.' AND USER='user'
DELETE FROM CONVERS WHERE PROMPT='t' AND RESPONSE='I''m sorry, I don''t understand that.' AND USER='user'
DELETE FROM CONVERS WHERE PROMPT='wiki cfg' AND RESPONSE='CFG may stand for:Canada''s Food Guide, a diet planning document produced by Health Canada\u000aCharacteristic function game, in cooperative game theory\u000aChina Film Group, a Chinese film studio\u000aCity Football Group, a multinational sporting organisation owning and controlling a number of football clubs\u000aCitizens Financial Group, a regional US financial institution\u000aCondor (airline), a German charter airline based in Frankfurt\u000aConfiguration file, a file used to configure the initial settings for some computer programs\u000aConsortium for Functional Glycomics, a research initiative to study carbohydrate-protein interaction\u000aContext-free grammar, in computer science, a grammar that naturally generates a formal language\u000aControl-flow graph, in computer science, a representation of all paths that might be traversed through a program during its execution\u000aJaime Gonz\u00e1lez Airport, an international airport that serves the city of Cienfuegos, Cuba ' AND USER='user'
DELETE FROM CONVERS WHERE PROMPT='weather maastricht' AND RESPONSE='Rain, Overcast ' AND USER='user'
DELETE FROM CONVERS WHERE PROMPT='what is 2+2*4' AND RESPONSE='10.0 ' AND USER='user'
DELETE FROM CONVERS WHERE PROMPT='Weather Maastricht' AND RESPONSE='I''m sorry, I don''t understand that.' AND USER='user'
DELETE FROM CONVERS WHERE PROMPT='what is 2+2*4?' AND RESPONSE='I''m sorry, I don''t understand that.' AND USER='user'
DELETE FROM CONVERS WHERE PROMPT='Weather Maastricht' AND RESPONSE='Overcast ' AND USER='user'
DELETE FROM CONVERS WHERE PROMPT='What is 2+2*4?' AND RESPONSE='10.0 ' AND USER='user'
DELETE FROM CONVERS WHERE PROMPT='Wiki Albert Einstein' AND RESPONSE='Albert Einstein was a German-born theoretical physicist, widely acknowledged to be one of the greatest and most influential physicists of all time. Einstein is best known for developing the theory of relativity, but he also made important contributions to the development of the theory of quantum mechanics. Relativity and quantum mechanics are the two pillars of modern physics. His mass\u2013energy equivalence formula E = mc2, which arises from relativity theory, has been dubbed "the world''s most famous equation". His work is also known for its influence on the philosophy of science. He received the 1921 Nobel Prize in Physics "for his services to theoretical physics, and especially for his discovery of the law of the photoelectric effect", a pivotal step in the development of quantum theory. His intellectual achievements and originality resulted in "Einstein" becoming synonymous with "genius". Einsteinium, one of the synthetic elements in the periodic table, was named in his honor. ' AND USER='user'
DELETE FROM CONVERS WHERE PROMPT='wiki test' AND RESPONSE='Test(s), testing, or TEST may refer to:Test (assessment), an educational assessment intended to measure the respondents'' knowledge or other abilities ' AND USER='user'
DELETE FROM CONVERS WHERE PROMPT='wiki data structures' AND RESPONSE='In computer science, a data structure is a data organization, management, and storage format that is usually chosen for efficient access to data. More precisely, a data structure is a collection of data values, the relationships among them, and the functions or operations that can be applied to the data, i.e., it is an algebraic structure about data. ' AND USER='user'
DELETE FROM CONVERS WHERE PROMPT='wiki test' AND RESPONSE='Test(s), testing, or TEST may refer to:Test (assessment), an educational assessment intended to measure the respondents'' knowledge or other abilities ' AND USER='user'
DELETE FROM CONVERS WHERE PROMPT='wiki test' AND RESPONSE='Test(s), testing, or TEST may refer to:Test (assessment), an educational assessment intended to measure the respondents'' knowledge or other abilities ' AND USER='user'
DELETE FROM CONVERS WHERE PROMPT='t' AND RESPONSE='I''m sorry, I don''t understand that.' AND USER='user'
DELETE FROM CONVERS WHERE PROMPT='test' AND RESPONSE='I''m sorry, I don''t understand that.' AND USER='user'
DELETE FROM CONVERS WHERE PROMPT='wiki test' AND RESPONSE='I''m sorry, I don''t understand that.' AND USER='user'
DELETE FROM CONVERS WHERE PROMPT='wiki google' AND RESPONSE='Google LLC is an American multinational technology company focusing on online advertising, search engine technology, cloud computing, computer software, quantum computing, e-commerce, artificial intelligence, and consumer electronics. It has often been referred to as "the most powerful company in the world" and one of the world''s most valuable brands due to its market dominance, data collection, and technological advantages in the area of artificial intelligence. Its parent company Alphabet is considered one of the Big Five American information technology companies, alongside Amazon, Apple, Meta, and Microsoft. ' AND USER='user'
DELETE FROM CONVERS WHERE PROMPT='' AND RESPONSE='I have no idea ' AND USER='user'
DELETE FROM CONVERS WHERE PROMPT='t' AND RESPONSE='I''m sorry, I don''t understand that.' AND USER='user'
DELETE FROM CONVERS WHERE PROMPT='t' AND RESPONSE='I''m sorry, I don''t understand that.' AND USER='user'
DELETE FROM CONVERS WHERE PROMPT='t' AND RESPONSE='I''m sorry, I don''t understand that.' AND USER='user'
DELETE FROM CONVERS WHERE PROMPT='t' AND RESPONSE='I''m sorry, I don''t understand that.' AND USER='user'
DELETE FROM CONVERS WHERE PROMPT='t' AND RESPONSE='I''m sorry, I don''t understand that.' AND USER='user'
DELETE FROM CONVERS WHERE PROMPT='wiki googlre' AND RESPONSE='No potential results found ' AND USER='user'
DELETE FROM CONVERS WHERE PROMPT='t' AND RESPONSE='I''m sorry, I don''t understand that.' AND USER='user'
DELETE FROM CONVERS WHERE PROMPT='t' AND RESPONSE='I have no idea ' AND USER='user'
DELETE FROM CONVERS WHERE PROMPT='t' AND RESPONSE='I''m sorry, I don''t understand that.' AND USER='user'
DELETE FROM CONVERS WHERE PROMPT='t' AND RESPONSE='I''m sorry, I don''t understand that.' AND USER='user'
DELETE FROM CONVERS WHERE PROMPT='r' AND RESPONSE='I''m sorry, I don''t understand that.' AND USER='user'
DELETE FROM CONVERS WHERE PROMPT='t' AND RESPONSE='I''m sorry, I don''t understand that.' AND USER='user'
DELETE FROM CONVERS WHERE PROMPT='t' AND RESPONSE='I''m sorry, I don''t understand that.' AND USER='user'
DELETE FROM CONVERS WHERE PROMPT='which lectures are there on saturday at 9?' AND RESPONSE=' there are no lectures on saturday' AND USER='user'
DELETE FROM CONVERS WHERE PROMPT='which lectures are there on saturday at 9?' AND RESPONSE='There are no lectures on Saturday ' AND USER='user'
DELETE FROM CONVERS WHERE PROMPT='wiki einstein ' AND RESPONSE='Albert Einstein was a German-born theoretical physicist, widely acknowledged to be one of the greatest and most influential physicists of all time. Einstein is best known for developing the theory of relativity, but he also made important contributions to the development of the theory of quantum mechanics. Relativity and quantum mechanics are the two pillars of modern physics. His mass\u2013energy equivalence formula E = mc2, which arises from relativity theory, has been dubbed "the world''s most famous equation". His work is also known for its influence on the philosophy of science. He received the 1921 Nobel Prize in Physics "for his services to theoretical physics, and especially for his discovery of the law of the photoelectric effect", a pivotal step in the development of quantum theory. His intellectual achievements and originality resulted in "Einstein" becoming synonymous with "genius". Einsteinium, one of the synthetic elements in the periodic table, was named in his honor. ' AND USER='user'
DELETE FROM CONVERS WHERE PROMPT='what is the weather in maastricht?' AND RESPONSE='Overcast ' AND USER='user'
DELETE FROM CONVERS WHERE PROMPT='Dial 123456' AND RESPONSE='  calling 123456' AND USER='user'
DELETE FROM CONVERS WHERE PROMPT='What is 60*72?' AND RESPONSE='4320.0 ' AND USER='user'
DELETE FROM CONVERS WHERE PROMPT='What is the weather in maastricht?' AND RESPONSE='Overcast ' AND USER='user'
DELETE FROM CONVERS WHERE PROMPT='what is 5/0' AND RESPONSE='Infinity ' AND USER='user'
DELETE FROM CONVERS WHERE PROMPT='how is the weather in maastricht?' AND RESPONSE='Overcast ' AND USER='user'
DELETE FROM CONVERS WHERE PROMPT='weather brussels' AND RESPONSE='Overcast ' AND USER='user'
DELETE FROM CONVERS WHERE PROMPT='wiki einstein' AND RESPONSE='Albert Einstein was a German-born theoretical physicist, widely acknowledged to be one of the greatest and most influential physicists of all time. Einstein is best known for developing the theory of relativity, but he also made important contributions to the development of the theory of quantum mechanics. Relativity and quantum mechanics are the two pillars of modern physics. His mass\u2013energy equivalence formula E = mc2, which arises from relativity theory, has been dubbed "the world''s most famous equation". His work is also known for its influence on the philosophy of science. He received the 1921 Nobel Prize in Physics "for his services to theoretical physics, and especially for his discovery of the law of the photoelectric effect", a pivotal step in the development of quantum theory. His intellectual achievements and originality resulted in "Einstein" becoming synonymous with "genius". Einsteinium, one of the synthetic elements in the periodic table, was named in his honor. ' AND USER='user'
DELETE FROM CONVERS WHERE PROMPT='wiki Albert einstein' AND RESPONSE='Albert Einstein was a German-born theoretical physicist, widely acknowledged to be one of the greatest and most influential physicists of all time. Einstein is best known for developing the theory of relativity, but he also made important contributions to the development of the theory of quantum mechanics. Relativity and quantum mechanics are the two pillars of modern physics. His mass\u2013energy equivalence formula E = mc2, which arises from relativity theory, has been dubbed "the world''s most famous equation". His work is also known for its influence on the philosophy of science. He received the 1921 Nobel Prize in Physics "for his services to theoretical physics, and especially for his discovery of the law of the photoelectric effect", a pivotal step in the development of quantum theory. His intellectual achievements and originality resulted in "Einstein" becoming synonymous with "genius". Einsteinium, one of the synthetic elements in the periodic table, was named in his honor. ' AND USER='user'
DELETE FROM CONVERS WHERE PROMPT='what can i make out of banana and eggs?' AND RESPONSE='I have no idea ' AND USER='user'
DELETE FROM CONVERS WHERE PROMPT='What can i make out of banana and eggs?' AND RESPONSE='I''m sorry, I don''t understand that.' AND USER='user'
DELETE FROM CONVERS WHERE PROMPT='what can i make out of banana and eggs' AND RESPONSE='I''m sorry, I don''t understand that.' AND USER='user'
DELETE FROM CONVERS WHERE PROMPT='what can i make out of banana and eggs' AND RESPONSE='I''m sorry, I don''t understand that.' AND USER='user'
DELETE FROM CONVERS WHERE PROMPT='What can I make out of banana and eggs' AND RESPONSE='I''m sorry, I don''t understand that.' AND USER='user'
DELETE FROM CONVERS WHERE PROMPT='what can i make out of banana and eggs' AND RESPONSE='I''m sorry, I don''t understand that.' AND USER='user'
DELETE FROM CONVERS WHERE PROMPT='dial 123456' AND RESPONSE='  calling 123456' AND USER='user'
DELETE FROM CONVERS WHERE PROMPT='What can I make out of banana and eggs' AND RESPONSE='I''m sorry, I don''t understand that.' AND USER='user'
DELETE FROM CONVERS WHERE PROMPT='What can I make out of eggs and salt' AND RESPONSE='I''m sorry, I don''t understand that.' AND USER='user'
DELETE FROM CONVERS WHERE PROMPT='what can i make out of eggs and salt' AND RESPONSE='I''m sorry, I don''t understand that.' AND USER='user'
DELETE FROM CONVERS WHERE PROMPT='what can i make out of eggs and salt' AND RESPONSE=' omelette' AND USER='user'
INSERT INTO CONVERS VALUES('Which lectures are there on Monday at 12','On Monday noon we have Theoratical Computer Science ',NULL)
INSERT INTO CONVERS VALUES('Which lectures are there on Saturday at  9','There are no lectures on Saturday ',NULL)
INSERT INTO CONVERS VALUES('Which lectures are there on Monday at 9','We start the week with math ',NULL)
INSERT INTO CONVERS VALUES('wiki  usa','The United States of America, commonly known as the United States or America, is a country primarily located in North America. It consists of 50 states, a federal district, five major unincorporated territories, nine Minor Outlying Islands, and 326 Indian reservations. The United States is also in free association with three Pacific Island sovereign states: the Federated States of Micronesia, the Marshall Islands, and the Republic of Palau. It is the world''s third-largest country by both land and total area. It shares land borders with Canada to its north and with Mexico to its south and has maritime borders with the Bahamas, Cuba, Russia, and other nations. With a population of over 333 million, it is the most populous country in the Americas and the third most populous in the world. The national capital of the United States is Washington, D.C. and its most populous city and principal financial center is New York City. ',NULL)
INSERT INTO CONVERS VALUES('wiki c usa','C, or c, is the third letter in the Latin alphabet, used in the modern English alphabet, the alphabets of other western European languages and others worldwide. Its name in English is cee, plural cees. ',NULL)
INSERT INTO CONVERS VALUES('wiki _ france','The apostrophe is a punctuation mark, and sometimes a diacritical mark, in languages that use the Latin alphabet and some other alphabets. In English, the apostrophe is used for two basic purposes:The marking of the omission of one or more letters, e.g. the contraction of "do not" to "don''t".\u000aThe marking of possessive case of nouns. ',NULL)
INSERT INTO CONVERS VALUES('wiki  usa','The United States of America, commonly known as the United States or America, is a country primarily located in North America. It consists of 50 states, a federal district, five major unincorporated territories, nine Minor Outlying Islands, and 326 Indian reservations. The United States is also in free association with three Pacific Island sovereign states: the Federated States of Micronesia, the Marshall Islands, and the Republic of Palau. It is the world''s third-largest country by both land and total area. It shares land borders with Canada to its north and with Mexico to its south and has maritime borders with the Bahamas, Cuba, Russia, and other nations. With a population of over 333 million, it is the most populous country in the Americas and the third most populous in the world. The national capital of the United States is Washington, D.C. and its most populous city and principal financial center is New York City. ',NULL)
INSERT INTO CONVERS VALUES('wiki what is an interval partition in mathematics','In mathematics, a partition of an interval [a, b] on the real line is a finite sequence x0, x1, x2, \u00e2\u20ac\u00a6, xn of real numbers such thata = x0 < x1 < x2 < \u00e2\u20ac\u00a6 < xn = b. ',NULL)
INSERT INTO CONVERS VALUES('wiki what is USA','USA Today is an American daily middle-market newspaper and news broadcasting company. Founded by Al Neuharth on September 15, 1982, the newspaper operates from Gannett''s corporate headquarters in Tysons, Virginia. Its newspaper is printed at 37 sites across the United States and at five additional sites internationally. The paper''s dynamic design influenced the style of local, regional, and national newspapers worldwide through its use of concise reports, colorized images, informational graphics, and inclusion of popular culture stories, among other distinct features. ',NULL)
INSERT INTO CONVERS VALUES('wiki what is usa country','Water Country USA is a water park in Williamsburg, Virginia, United States. It is the Mid-Atlantic''s largest water park, and it offers live entertainment, shops and restaurants, water rides, and other family attractions, all of which have a 1950s or 1960s surf theme. It is owned by SeaWorld Parks & Entertainment. The park is just a few miles away from Busch Gardens Williamsburg, with which it shares clientele. Multi-park passes are available, and a parking pass at Water Country USA is valid for same-day entry to Busch Gardens Williamsburg. ',NULL)
INSERT INTO CONVERS VALUES('wiki country united state of america','The United States of America, commonly known as the United States or America, is a country primarily located in North America. It consists of 50 states, a federal district, five major unincorporated territories, nine Minor Outlying Islands, and 326 Indian reservations. The United States is also in free association with three Pacific Island sovereign states: the Federated States of Micronesia, the Marshall Islands, and the Republic of Palau. It is the world''s third-largest country by both land and total area. It shares land borders with Canada to its north and with Mexico to its south and has maritime borders with the Bahamas, Cuba, Russia, and other nations. With a population of over 333 million, it is the most populous country in the Americas and the third most populous in the world. The national capital of the United States is Washington, D.C. and its most populous city and principal financial center is New York City. ',NULL)
INSERT INTO CONVERS VALUES('hi, what is 2+2?','4.0 ',NULL)
INSERT INTO CONVERS VALUES('what lectures are there on Saturday?','I have no idea ',NULL)
INSERT INTO CONVERS VALUES('Hi, what is 2+2*4?','I''m sorry, I don''t understand that.',NULL)
INSERT INTO CONVERS VALUES('what is 2+2*4','I''m sorry, I don''t understand that.',NULL)
INSERT INTO CONVERS VALUES('Hi, what is 2+2*4?','10.0 ',NULL)
INSERT INTO CONVERS VALUES('what lectures are there on saturday at 9?','I have no idea ',NULL)
INSERT INTO CONVERS VALUES('what lectures are there on saturday?','I have no idea ',NULL)
INSERT INTO CONVERS VALUES('what lectures are there saturday?','I have no idea ',NULL)
INSERT INTO CONVERS VALUES('what lectures are there monday at 9?','I have no idea ',NULL)
INSERT INTO CONVERS VALUES('how do I get to room spaceBox?','I have no idea ',NULL)
INSERT INTO CONVERS VALUES('where is spaceBox located?','located is in the first floor ',NULL)
INSERT INTO CONVERS VALUES('fbvieve veverhve v erv ronihijhihuhuhuhuuhuhuhuhuhuhuhuh uhuhuhhuhuhuhuhuhuhuhhu hhuhuhuhuhuhuhuhu hhuhuhuhu ','I''m sorry, I don''t understand that.',NULL)
INSERT INTO CONVERS VALUES('uweubfewubfuewfef hfehieuwfiufruirfherif h hfioefoeirhfoirhfehrforhefie  iorehfoirehfoirehfouhfguorhfgfieh ierfhoie','I''m sorry, I don''t understand that.',NULL)
INSERT INTO CONVERS VALUES('Mar 28, 2023 11:16:48 AM com.sun.javafx.application.PlatformImpl startupWARNING: Unsupported JavaFX configuration: classes were loaded from ''unnamed module @297e2f87''','I''m sorry, I don''t understand that.',NULL)
INSERT INTO CONVERS VALUES('Mar 28, 2023 11:18:34 AM com.sun.javafx.application.PlatformImpl startupWARNING: Unsupported JavaFX configuration: classes were loaded from ''unnamed module @297e2f87''','I''m sorry, I don''t understand that.',NULL)
INSERT INTO CONVERS VALUES('Mar 28, 2023 11:18:34 AM com.sun.javafx.application.PlatformImpl startupWARNING: Unsupported JavaFX configuration: classes were loaded from ''unnamed module @297e2f87''','I''m sorry, I don''t understand that.',NULL)
INSERT INTO CONVERS VALUES('Mar 28, 2023 11:18:34 AM com.sun.javafx.application.PlatformImpl startupWARNING: Unsupported JavaFX configuration: classes were loaded from ''unnamed module @297e2f87''','I''m sorry, I don''t understand that.',NULL)
INSERT INTO CONVERS VALUES('Mar 28, 2023 11:18:34 AM com.sun.javafx.application.PlatformImpl startupWARNING: Unsupported JavaFX configuration: classes were loaded from ''unnamed module @297e2f87''','I''m sorry, I don''t understand that.',NULL)
INSERT INTO CONVERS VALUES('Mar 28, 2023 11:21:34 AM com.sun.javafx.application.PlatformImpl startupWARNING: Unsupported JavaFX configuration: classes were loaded from ''unnamed module @297e2f87''','I''m sorry, I don''t understand that.',NULL)
INSERT INTO CONVERS VALUES('G','I''m sorry, I don''t understand that.',NULL)
INSERT INTO CONVERS VALUES('t\','I''m sorry, I don''t understand that.',NULL)
INSERT INTO CONVERS VALUES('what is the weather is brussels?','Overcast ',NULL)
INSERT INTO CONVERS VALUES('What lectures are there on saturday?','I have no idea ',NULL)
INSERT INTO CONVERS VALUES('what is the weather like in maastricht?','I''m sorry, I don''t understand that.',NULL)
INSERT INTO CONVERS VALUES('what is the weather like in maastricht?','Rain, Overcast ',NULL)
INSERT INTO CONVERS VALUES('what lectures are there on saturday at 9?','I have no idea ',NULL)
INSERT INTO CONVERS VALUES('which lecturers are there on saturday at 9?','I have no idea ',NULL)
INSERT INTO CONVERS VALUES('which lectures are there on saturday at 9?','There are no lectures on Saturday ',NULL)
INSERT INTO CONVERS VALUES('what is the weather like in maastricht?','Rain, Overcast ',NULL)
INSERT INTO CONVERS VALUES('','I have no idea ',NULL)
INSERT INTO CONVERS VALUES('what lectures are there on saturday at 9?','I have no idea ',NULL)
INSERT INTO CONVERS VALUES('which lectures are there on saturday at 9?','There are no lectures on Saturday ',NULL)
INSERT INTO CONVERS VALUES('what is the weather like in Maastricht?','Rain, Overcast ',NULL)
INSERT INTO CONVERS VALUES('wiki Template Skills','A skill is the learned ability to act with determined results with good execution often within a given amount of time, energy, or both. Skills can often be divided into domain-general and domain-specific skills. For example, in the domain of work, some general skills would include time management, teamwork and leadership, self-motivation and others, whereas domain-specific skills would be used only for a certain job. Skill usually requires certain environmental stimuli and situations to assess the level of skill being shown and used. ',NULL)
INSERT INTO CONVERS VALUES('t','I''m sorry, I don''t understand that.',NULL)
INSERT INTO CONVERS VALUES('t','I''m sorry, I don''t understand that.',NULL)
INSERT INTO CONVERS VALUES('wiki cfg','CFG may stand for:Canada''s Food Guide, a diet planning document produced by Health Canada\u000aCharacteristic function game, in cooperative game theory\u000aChina Film Group, a Chinese film studio\u000aCity Football Group, a multinational sporting organisation owning and controlling a number of football clubs\u000aCitizens Financial Group, a regional US financial institution\u000aCondor (airline), a German charter airline based in Frankfurt\u000aConfiguration file, a file used to configure the initial settings for some computer programs\u000aConsortium for Functional Glycomics, a research initiative to study carbohydrate-protein interaction\u000aContext-free grammar, in computer science, a grammar that naturally generates a formal language\u000aControl-flow graph, in computer science, a representation of all paths that might be traversed through a program during its execution\u000aJaime Gonz\u00e1lez Airport, an international airport that serves the city of Cienfuegos, Cuba ',NULL)
INSERT INTO CONVERS VALUES('weather maastricht','Rain, Overcast ',NULL)
INSERT INTO CONVERS VALUES('what is 2+2*4','10.0 ',NULL)
INSERT INTO CONVERS VALUES('Weather Maastricht','I''m sorry, I don''t understand that.',NULL)
INSERT INTO CONVERS VALUES('what is 2+2*4?','I''m sorry, I don''t understand that.',NULL)
INSERT INTO CONVERS VALUES('Weather Maastricht','Overcast ',NULL)
INSERT INTO CONVERS VALUES('What is 2+2*4?','10.0 ',NULL)
INSERT INTO CONVERS VALUES('Wiki Albert Einstein','Albert Einstein was a German-born theoretical physicist, widely acknowledged to be one of the greatest and most influential physicists of all time. Einstein is best known for developing the theory of relativity, but he also made important contributions to the development of the theory of quantum mechanics. Relativity and quantum mechanics are the two pillars of modern physics. His mass\u2013energy equivalence formula E = mc2, which arises from relativity theory, has been dubbed "the world''s most famous equation". His work is also known for its influence on the philosophy of science. He received the 1921 Nobel Prize in Physics "for his services to theoretical physics, and especially for his discovery of the law of the photoelectric effect", a pivotal step in the development of quantum theory. His intellectual achievements and originality resulted in "Einstein" becoming synonymous with "genius". Einsteinium, one of the synthetic elements in the periodic table, was named in his honor. ',NULL)
INSERT INTO CONVERS VALUES('wiki test','Test(s), testing, or TEST may refer to:Test (assessment), an educational assessment intended to measure the respondents'' knowledge or other abilities ',NULL)
INSERT INTO CONVERS VALUES('wiki data structures','In computer science, a data structure is a data organization, management, and storage format that is usually chosen for efficient access to data. More precisely, a data structure is a collection of data values, the relationships among them, and the functions or operations that can be applied to the data, i.e., it is an algebraic structure about data. ',NULL)
INSERT INTO CONVERS VALUES('wiki test','Test(s), testing, or TEST may refer to:Test (assessment), an educational assessment intended to measure the respondents'' knowledge or other abilities ',NULL)
INSERT INTO CONVERS VALUES('wiki test','Test(s), testing, or TEST may refer to:Test (assessment), an educational assessment intended to measure the respondents'' knowledge or other abilities ',NULL)
INSERT INTO CONVERS VALUES('t','I''m sorry, I don''t understand that.',NULL)
INSERT INTO CONVERS VALUES('test','I''m sorry, I don''t understand that.',NULL)
INSERT INTO CONVERS VALUES('wiki test','I''m sorry, I don''t understand that.',NULL)
INSERT INTO CONVERS VALUES('wiki google','Google LLC is an American multinational technology company focusing on online advertising, search engine technology, cloud computing, computer software, quantum computing, e-commerce, artificial intelligence, and consumer electronics. It has often been referred to as "the most powerful company in the world" and one of the world''s most valuable brands due to its market dominance, data collection, and technological advantages in the area of artificial intelligence. Its parent company Alphabet is considered one of the Big Five American information technology companies, alongside Amazon, Apple, Meta, and Microsoft. ',NULL)
INSERT INTO CONVERS VALUES('','I have no idea ',NULL)
INSERT INTO CONVERS VALUES('t','I''m sorry, I don''t understand that.',NULL)
INSERT INTO CONVERS VALUES('t','I''m sorry, I don''t understand that.',NULL)
INSERT INTO CONVERS VALUES('t','I''m sorry, I don''t understand that.',NULL)
INSERT INTO CONVERS VALUES('t','I''m sorry, I don''t understand that.',NULL)
INSERT INTO CONVERS VALUES('t','I''m sorry, I don''t understand that.',NULL)
INSERT INTO CONVERS VALUES('wiki googlre','No potential results found ',NULL)
INSERT INTO CONVERS VALUES('t','I''m sorry, I don''t understand that.',NULL)
INSERT INTO CONVERS VALUES('t','I have no idea ',NULL)
INSERT INTO CONVERS VALUES('t','I''m sorry, I don''t understand that.',NULL)
INSERT INTO CONVERS VALUES('t','I''m sorry, I don''t understand that.',NULL)
INSERT INTO CONVERS VALUES('r','I''m sorry, I don''t understand that.',NULL)
INSERT INTO CONVERS VALUES('t','I''m sorry, I don''t understand that.',NULL)
INSERT INTO CONVERS VALUES('t','I''m sorry, I don''t understand that.',NULL)
INSERT INTO CONVERS VALUES('which lectures are there on saturday at 9?',' there are no lectures on saturday',NULL)
INSERT INTO CONVERS VALUES('which lectures are there on saturday at 9?','There are no lectures on Saturday ',NULL)
INSERT INTO CONVERS VALUES('wiki einstein ','Albert Einstein was a German-born theoretical physicist, widely acknowledged to be one of the greatest and most influential physicists of all time. Einstein is best known for developing the theory of relativity, but he also made important contributions to the development of the theory of quantum mechanics. Relativity and quantum mechanics are the two pillars of modern physics. His mass\u2013energy equivalence formula E = mc2, which arises from relativity theory, has been dubbed "the world''s most famous equation". His work is also known for its influence on the philosophy of science. He received the 1921 Nobel Prize in Physics "for his services to theoretical physics, and especially for his discovery of the law of the photoelectric effect", a pivotal step in the development of quantum theory. His intellectual achievements and originality resulted in "Einstein" becoming synonymous with "genius". Einsteinium, one of the synthetic elements in the periodic table, was named in his honor. ',NULL)
INSERT INTO CONVERS VALUES('what is the weather in maastricht?','Overcast ',NULL)
INSERT INTO CONVERS VALUES('Dial 123456','  calling 123456',NULL)
INSERT INTO CONVERS VALUES('What is 60*72?','4320.0 ',NULL)
INSERT INTO CONVERS VALUES('What is the weather in maastricht?','Overcast ',NULL)
INSERT INTO CONVERS VALUES('what is 5/0','Infinity ',NULL)
INSERT INTO CONVERS VALUES('how is the weather in maastricht?','Overcast ',NULL)
INSERT INTO CONVERS VALUES('weather brussels','Overcast ',NULL)
INSERT INTO CONVERS VALUES('wiki einstein','Albert Einstein was a German-born theoretical physicist, widely acknowledged to be one of the greatest and most influential physicists of all time. Einstein is best known for developing the theory of relativity, but he also made important contributions to the development of the theory of quantum mechanics. Relativity and quantum mechanics are the two pillars of modern physics. His mass\u2013energy equivalence formula E = mc2, which arises from relativity theory, has been dubbed "the world''s most famous equation". His work is also known for its influence on the philosophy of science. He received the 1921 Nobel Prize in Physics "for his services to theoretical physics, and especially for his discovery of the law of the photoelectric effect", a pivotal step in the development of quantum theory. His intellectual achievements and originality resulted in "Einstein" becoming synonymous with "genius". Einsteinium, one of the synthetic elements in the periodic table, was named in his honor. ',NULL)
INSERT INTO CONVERS VALUES('wiki Albert einstein','Albert Einstein was a German-born theoretical physicist, widely acknowledged to be one of the greatest and most influential physicists of all time. Einstein is best known for developing the theory of relativity, but he also made important contributions to the development of the theory of quantum mechanics. Relativity and quantum mechanics are the two pillars of modern physics. His mass\u2013energy equivalence formula E = mc2, which arises from relativity theory, has been dubbed "the world''s most famous equation". His work is also known for its influence on the philosophy of science. He received the 1921 Nobel Prize in Physics "for his services to theoretical physics, and especially for his discovery of the law of the photoelectric effect", a pivotal step in the development of quantum theory. His intellectual achievements and originality resulted in "Einstein" becoming synonymous with "genius". Einsteinium, one of the synthetic elements in the periodic table, was named in his honor. ',NULL)
INSERT INTO CONVERS VALUES('what can i make out of banana and eggs?','I have no idea ',NULL)
INSERT INTO CONVERS VALUES('What can i make out of banana and eggs?','I''m sorry, I don''t understand that.',NULL)
INSERT INTO CONVERS VALUES('what can i make out of banana and eggs','I''m sorry, I don''t understand that.',NULL)
INSERT INTO CONVERS VALUES('what can i make out of banana and eggs','I''m sorry, I don''t understand that.',NULL)
INSERT INTO CONVERS VALUES('What can I make out of banana and eggs','I''m sorry, I don''t understand that.',NULL)
INSERT INTO CONVERS VALUES('what can i make out of banana and eggs','I''m sorry, I don''t understand that.',NULL)
INSERT INTO CONVERS VALUES('dial 123456','  calling 123456',NULL)
INSERT INTO CONVERS VALUES('What can I make out of banana and eggs','I''m sorry, I don''t understand that.',NULL)
INSERT INTO CONVERS VALUES('What can I make out of eggs and salt','I''m sorry, I don''t understand that.',NULL)
INSERT INTO CONVERS VALUES('what can i make out of eggs and salt','I''m sorry, I don''t understand that.',NULL)
INSERT INTO CONVERS VALUES('what can i make out of eggs and salt',' omelette',NULL)
COMMIT
ALTER TABLE CONVERS DROP COLUMN user
ALTER TABLE CONVERS ADD COLUMN user INTEGER DEFAULT 0
ALTER TABLE USERS DROP COLUMN email
ALTER TABLE USERS DROP COLUMN name
ALTER TABLE USERS ADD COLUMN USERNAME VARCHAR(255)
ALTER TABLE CONVERS DROP COLUMN user
ALTER TABLE CONVERS ADD COLUMN USERID INTEGER
/*C4*/SET SCHEMA PUBLIC
DISCONNECT
/*C3*/INSERT INTO USERS VALUES(3,'tom12345','Tom')
COMMIT
/*C5*/SET SCHEMA PUBLIC
DISCONNECT
/*C6*/SET SCHEMA PUBLIC
DISCONNECT
